Arguments: 
  /home/tubuntu/.nvm/versions/node/v16.14.2/bin/node /home/tubuntu/.node/corepack/yarn/1.22.15/bin/yarn.js add --dev hardhat

PATH: 
  /home/tubuntu/.vscode-server/bin/97dec172d3256f8ca4bfb2143f3f76b503ca0534/bin/remote-cli:/home/tubuntu/.local/share/solana/install/active_release/bin:/home/tubuntu/.cargo/bin:/home/tubuntu/.nvm/versions/node/v16.14.2/bin:/usr/local/sbin:/usr/local/bin:/usr/sbin:/usr/bin:/sbin:/bin:/usr/games:/usr/local/games:/usr/lib/wsl/lib:/mnt/c/WINDOWS/system32:/mnt/c/WINDOWS:/mnt/c/WINDOWS/System32/Wbem:/mnt/c/WINDOWS/System32/WindowsPowerShell/v1.0/:/mnt/c/WINDOWS/System32/OpenSSH/:/mnt/c/Program Files/Git/cmd:/mnt/c/MinGW/bin:/mnt/c/Program Files/nodejs/:/mnt/c/Users/adars/AppData/Local/Microsoft/WindowsApps:/mnt/c/Users/adars/AppData/Local/Programs/Microsoft VS Code/bin:/mnt/c/Users/adars/AppData/Roaming/npm:/mnt/c/Users/adars/AppData/Local/GitHubDesktop/bin:/snap/bin

Yarn version: 
  1.22.15

Node version: 
  16.14.2

Platform: 
  linux x64

Trace: 
  Error: connect EHOSTUNREACH 104.16.22.35:443
      at TCPConnectWrap.afterConnect [as oncomplete] (node:net:1157:16)

npm manifest: 
  {
    "name": "NFTCollection",
    "version": "1.0.0",
    "main": "index.js",
    "license": "MIT"
  }

yarn manifest: 
  No manifest

Lockfile: 
  No lockfile
